<?xml version="1.0" encoding="UTF-8"?>
<testng-results ignored="0" total="1" passed="1" failed="0" skipped="0">
  <reporter-output>
  </reporter-output>
  <suite started-at="2022-10-08T02:34:09 AST" name="InetBankingV1" finished-at="2022-10-08T02:34:23 AST" duration-ms="13299">
    <groups>
    </groups>
    <test started-at="2022-10-08T02:34:09 AST" name="Banking App test" finished-at="2022-10-08T02:34:23 AST" duration-ms="13299">
      <class name="com.inetbanking.testCases.TC_LoginTest_001">
        <test-method is-config="true" signature="setup(java.lang.String)[pri:0, instance:com.inetbanking.testCases.TC_LoginTest_001@397fbdb]" started-at="2022-10-08T02:34:09 AST" name="setup" finished-at="2022-10-08T02:34:17 AST" duration-ms="7755" status="PASS">
          <params>
            <param index="0">
              <value>
                <![CDATA[chrome]]>
              </value>
            </param>
          </params>
          <reporter-output>
          </reporter-output>
        </test-method> <!-- setup -->
        <test-method signature="loginTest()[pri:0, instance:com.inetbanking.testCases.TC_LoginTest_001@397fbdb]" started-at="2022-10-08T02:34:17 AST" name="loginTest" finished-at="2022-10-08T02:34:22 AST" duration-ms="5079" status="PASS">
          <reporter-output>
          </reporter-output>
        </test-method> <!-- loginTest -->
        <test-method is-config="true" signature="tearDown()[pri:0, instance:com.inetbanking.testCases.TC_LoginTest_001@397fbdb]" started-at="2022-10-08T02:34:22 AST" name="tearDown" finished-at="2022-10-08T02:34:23 AST" duration-ms="398" status="PASS">
          <reporter-output>
          </reporter-output>
        </test-method> <!-- tearDown -->
      </class> <!-- com.inetbanking.testCases.TC_LoginTest_001 -->
    </test> <!-- Banking App test -->
  </suite> <!-- InetBankingV1 -->
</testng-results>
